<?xml version="1.0" encoding="UTF-8"?>
<!-- Generated by org.testng.reporters.JUnitReportReporter -->
<testsuite skipped="0" hostname="IPSITA" name="jena.IvyTest" tests="1" failures="0" timestamp="2020-11-17T14:21:27 IST" time="0.322" errors="0">
  <testcase name="createbody" time="0.322" classname="jena.IvyTest"/>
  <system-out/>
</testsuite> <!-- jena.IvyTest -->
